perltidy version 20101217 log file on a linux system, OLD_PERL_VERSION=5.012004
Found Configuration File >>> /home/dbb/.perltidyrc 
Configuration and command line parameters for this run:
--backup-file-extension=.orig --iterations=2 --logfile --warning-output --block-brace-tightness=0 --brace-tightness=0 --paren-tightness=0 --square-bracket-tightness=0 --check-syntax --closing-side-comments --closing-side-comment-else-flag=2 --closing-side-comment-interval=6 --static-side-comments --comma-arrow-breakpoints=0 --continuation-indentation=4 --indent-columns=4 --maximum-line-length=78 --maximum-consecutive-blank-lines=4 --keep-old-blank-lines=2 --outdent-long-lines --output-line-ending=unix --opening-token-right --notrim-qw --space-for-semicolon
To find error messages search for 'WARNING' with your editor
Note: --syntax check will be skipped because standard input is used
Indentation will be with 4 spaces
Line 1 implies starting-indentation-level = 0
The nesting depths in the table below are at the start of the lines.
The indicated output line numbers are not always exact.
ci = levels of continuation indentation; bk = 1 if in BLOCK, 0 if not.

in:out indent c b  nesting   code + messages; (messages begin with >>>)
lines  levels i k            (code begins with one '.' per indent level)
------  ----- - - --------   -------------------------------------------
L1:1     i0:0 0 1            package WWW::Hackernews::Parser;
L10:10   i0:0 0 1            >>>passing VERSION line; -npvl deactivates
L12:12   i0:0 0 1            sub hn_parse {
L12:12   i0:0 0 1            >>>Guessing old indentation was 4  spaces
L29:29   i1:1 0 1 {{         >>>Start multi-line quote or pattern ending in }
L54:55   i1:2 0 0 {(         >>>End of multi-line quote or pattern
L62:65   i2:2 0 1 {{         ..$data->{'user'}     = $7;
L68:71   i1:1 0 1 {{         >>>Start multi-line quote or pattern ending in }
L94:98   i1:2 0 0 {(         >>>End of multi-line quote or pattern
L107:113 i1:1 0 1 {{         >>>Line length exceeded by 1 characters
L107:113 i1:1 0 1 {{         >>>Start multi-line quote or pattern ending in }
L112:119 i2:2 0 0 {(         ..(\d+) # $1 id
L120:127 i2:2 0 0 {(         >>>End of multi-line quote or pattern
L130:139 i1:1 0 1 {{         >>>Line length exceeded by 1 characters
L151:160 i0:0 0 1            >>>Starting __END__ section
L151:160 i0:0 0 1            >>>Entering POD section
L151:160 i0:0 0 1            >>>Line length exceeded by 27 characters
L151:160 i0:0 0 1            >>>Line length exceeded by 21 characters
L151:160 i0:0 0 1            >>>Line length exceeded by 35 characters
L151:160 i0:0 0 1            >>>Line length exceeded by 25 characters
L151:160 i0:0 0 1            >>>Exiting POD section
No indentation disagreement seen

8 output lines exceeded 78 characters:
 First at line 113 by 1 characters
 Maximum at line 200 by 75 characters
 Last at line 204 by 62 characters
